


ARM Macro Assembler    Page 1 


    1 00000000                 AREA             PROGRAM, CODE, READONLY
    2 00000000                 ENTRY
    3 00000000         MAIN
    4 00000000 E3B00000        MOVS             R0, #0
    5 00000004 E3A01001        MOV              R1, #1
    6 00000008 E0502001        SUBS             R2,R0,R1
    7 0000000C 4A00001A        BMI              LOOP1       ;MINUS OPERATION
    8 00000010 E2877001 
                       LOOP2   ADD              R7,R7,#1
    9 00000014 E0522002        SUBS             R2,R2,R2
   10 00000018 0A00001A        BEQ              LOOP3       ;EQUAL OPERATION
   11 0000001C E2877001 
                       LOOP4   ADD              R7,R7,#1
   12 00000020 E1530002        CMP              R3,R2       ;R3-R2
   13 00000024 8A00001A        BHI              LOOP5       ;HIGHER OPERATION
   14 00000028 E3A02005 
                       LOOP6   MOV              R2,#5
   15 0000002C E2877001        ADD              R7,R7,#1
   16 00000030 E2522001        ADDS             R2,R2,#0xFFFFFFFF
   17 00000034 2A000019        BCS              LOOP7       ;CARRY SET
   18 00000038 E2877001 
                       LOOP8   ADD              R7,R7,#1
   19 0000003C E252221F        ADDS             R2,R2,#0x0FFFFFFF
   20 00000040 7A000019        BVC              LOOP9       ;OVERFLOW CLEAR
   21 00000044 E2877001 
                       LOOP10  ADD              R7,R7,#1
   22 00000048 E3A03001        MOV              R3,#1
   23 0000004C E3A02005        MOV              R2,#5
   24 00000050 E1520003        CMP              R2,R3
   25 00000054 CA000018        BGT              LOOP11      ;GREATER THAN
   26 00000058 E2877001 
                       LOOP12  ADD              R7,R7,#1
   27 0000005C E3A03001        MOV              R3,#1
   28 00000060 E3A02005        MOV              R2,#5
   29 00000064 E1530002        CMP              R3,R2
   30 00000068 BA000017        BLT              LOOP13      ;LESSER THAN
   31 0000006C EA00001A        BAL              LOOP15
   32 00000070 E2877001 
                       LOOP14  ADD              R7,R7,#1
   33 00000074 E59F506C        LDR              R5,=0x76396869
   34 00000078 EA000017        BAL              LOOP15      ;ALWAYS
   35 0000007C E2877001 
                       LOOP1   ADD              R7,R7,#1
   36 00000080 E2922005        ADDS             R2,R2,#5
   37 00000084 5AFFFFE1        BPL              LOOP2       ;PLUS OPERATION
   38 00000088 E2877001 
                       LOOP3   ADD              R7,R7,#1
   39 0000008C E2923001        ADDS             R3,R2,#1
   40 00000090 1AFFFFE1        BNE              LOOP4       ;NOT EQUAL OPERATIO
                                                            N
   41 00000094 E2877001 
                       LOOP5   ADD              R7,R7,#1
   42 00000098 E1730002        CMN              R3,R2
   43 0000009C 9AFFFFE1        BLS              LOOP6       ;LOWER THAN OPERATI
                                                            ON
   44 000000A0 E2877001 
                       LOOP7   ADD              R7,R7,#1
   45 000000A4 E29220FF        ADDS             R2,R2,#0xFF
   46 000000A8 3AFFFFE2        BCC              LOOP8       ;CARRY CLEAR



ARM Macro Assembler    Page 2 


   47 000000AC E2877001 
                       LOOP9   ADD              R7,R7,#1
   48 000000B0 E59F2034        LDR              R2,=0x7FFFFFFF
   49 000000B4 E2922001        ADDS             R2,R2,#1
   50 000000B8 6AFFFFE1        BVS              LOOP10      ;OVERFLOW SET
   51 000000BC E2877001 
                       LOOP11  ADD              R7,R7,#1
   52 000000C0 E1A03002        MOV              R3,R2
   53 000000C4 E1530002        CMP              R3,R2
   54 000000C8 AAFFFFE2        BGE              LOOP12      ;GREATER THAN OR EQ
                                                            UAL
   55 000000CC E2877001 
                       LOOP13  ADD              R7,R7,#1
   56 000000D0 E1A03002        MOV              R3,R2
   57 000000D4 E1530002        CMP              R3,R2
   58 000000D8 DAFFFFE4        BLE              LOOP14      ;LESSER THAN OR EQU
                                                            AL 
   59 000000DC E2877001 
                       LOOP15  ADD              R7,R7,#1
   60 000000E0 E0900000        ADDS             R0,R0,R0    ;TO END
   61 000000E4 EAFFFFFE 
                       LOOP32  B                LOOP32
   62 000000E8                 END
              76396869 
              7FFFFFFF 
Command Line: --debug --xref --bi --apcs=interwork --depend=flags.d -oflags.o -
IC:\Keil\ARM\RV31\INC -IC:\Keil\ARM\CMSIS\Include --predefine="__EVAL SETA 1" -
-list=flags.lst flags.asm



ARM Macro Assembler    Page 1 Alphabetic symbol ordering
Relocatable symbols

LOOP1 0000007C

Symbol: LOOP1
   Definitions
      At line 35 in file flags.asm
   Uses
      At line 7 in file flags.asm
Comment: LOOP1 used once
LOOP10 00000044

Symbol: LOOP10
   Definitions
      At line 21 in file flags.asm
   Uses
      At line 50 in file flags.asm
Comment: LOOP10 used once
LOOP11 000000BC

Symbol: LOOP11
   Definitions
      At line 51 in file flags.asm
   Uses
      At line 25 in file flags.asm
Comment: LOOP11 used once
LOOP12 00000058

Symbol: LOOP12
   Definitions
      At line 26 in file flags.asm
   Uses
      At line 54 in file flags.asm
Comment: LOOP12 used once
LOOP13 000000CC

Symbol: LOOP13
   Definitions
      At line 55 in file flags.asm
   Uses
      At line 30 in file flags.asm
Comment: LOOP13 used once
LOOP14 00000070

Symbol: LOOP14
   Definitions
      At line 32 in file flags.asm
   Uses
      At line 58 in file flags.asm
Comment: LOOP14 used once
LOOP15 000000DC

Symbol: LOOP15
   Definitions
      At line 59 in file flags.asm
   Uses
      At line 31 in file flags.asm
      At line 34 in file flags.asm

LOOP2 00000010




ARM Macro Assembler    Page 2 Alphabetic symbol ordering
Relocatable symbols

Symbol: LOOP2
   Definitions
      At line 8 in file flags.asm
   Uses
      At line 37 in file flags.asm
Comment: LOOP2 used once
LOOP3 00000088

Symbol: LOOP3
   Definitions
      At line 38 in file flags.asm
   Uses
      At line 10 in file flags.asm
Comment: LOOP3 used once
LOOP32 000000E4

Symbol: LOOP32
   Definitions
      At line 61 in file flags.asm
   Uses
      At line 61 in file flags.asm
Comment: LOOP32 used once
LOOP4 0000001C

Symbol: LOOP4
   Definitions
      At line 11 in file flags.asm
   Uses
      At line 40 in file flags.asm
Comment: LOOP4 used once
LOOP5 00000094

Symbol: LOOP5
   Definitions
      At line 41 in file flags.asm
   Uses
      At line 13 in file flags.asm
Comment: LOOP5 used once
LOOP6 00000028

Symbol: LOOP6
   Definitions
      At line 14 in file flags.asm
   Uses
      At line 43 in file flags.asm
Comment: LOOP6 used once
LOOP7 000000A0

Symbol: LOOP7
   Definitions
      At line 44 in file flags.asm
   Uses
      At line 17 in file flags.asm
Comment: LOOP7 used once
LOOP8 00000038

Symbol: LOOP8
   Definitions
      At line 18 in file flags.asm



ARM Macro Assembler    Page 3 Alphabetic symbol ordering
Relocatable symbols

   Uses
      At line 46 in file flags.asm
Comment: LOOP8 used once
LOOP9 000000AC

Symbol: LOOP9
   Definitions
      At line 47 in file flags.asm
   Uses
      At line 20 in file flags.asm
Comment: LOOP9 used once
MAIN 00000000

Symbol: MAIN
   Definitions
      At line 3 in file flags.asm
   Uses
      None
Comment: MAIN unused
PROGRAM 00000000

Symbol: PROGRAM
   Definitions
      At line 1 in file flags.asm
   Uses
      None
Comment: PROGRAM unused
18 symbols
351 symbols in table
