


ARM Macro Assembler    Page 1 


    1 00000000                 AREA             PROGRAM, CODE, READONLY
    2 00000000                 ENTRY
    3 00000000         MAIN
    4 00000000 E3A00001        LDR              R0, =0x00000001
    5 00000004 E1A01000        MOV              R1, R0
    6 00000008 E1A02000        MOV              R2, R0
    7 0000000C E1A03000        MOV              R3, R0
    8 00000010 E1A04000        MOV              R4, R0
    9 00000014 E1A05000        MOV              R5, R0
   10 00000018 E1A06000        MOV              R6, R0
   11 0000001C E1A07000        MOV              R7, R0
   12 00000020 E1A08000        MOV              R8, R0
   13 00000024 E1A09000        MOV              R9, R0
   14 00000028 E1A0A000        MOV              R10, R0
   15 0000002C E1A0B000        MOV              R11, R0
   16 00000030 E1A0C000        MOV              R12, R0
   17 00000034 E1A0D000        MOV              R13, R0
   18 00000038 E1A0E000        MOV              R14, R0
   19 0000003C                 END
Command Line: --debug --xref --bi --apcs=interwork --depend=EXP1A.d -oEXP1A.o -
IC:\Keil\ARM\RV31\INC -IC:\Keil\ARM\CMSIS\Include --predefine="__EVAL SETA 1" -
-list=EXP1A.lst EXP1A.asm



ARM Macro Assembler    Page 1 Alphabetic symbol ordering
Relocatable symbols

MAIN 00000000

Symbol: MAIN
   Definitions
      At line 3 in file EXP1A.asm
   Uses
      None
Comment: MAIN unused
PROGRAM 00000000

Symbol: PROGRAM
   Definitions
      At line 1 in file EXP1A.asm
   Uses
      None
Comment: PROGRAM unused
2 symbols
333 symbols in table
